[Licensing::Module] Trying to connect to existing licensing client channel...
Built from '6000.2/staging' branch; Version is '6000.2.6f1 (cc51a95c0300) revision 13390249'; Using compiler version '194234433'; Build Type 'Release'
[Licensing::IpcConnector] Successfully connected to: "LicenseClient-Angel" at "2025-12-01T07:41:37.2980789Z"
OS: 'Windows 11  (10.0.26100) 64bit Professional' Language: 'es' Physical Memory: 16197 MB
BatchMode: 1, IsHumanControllingUs: 0, StartBugReporterOnCrash: 0, Is64bit: 1
Date: 2025-12-01T07:41:37Z

COMMAND LINE ARGUMENTS:
C:\Program Files\Unity\Hub\Editor\6000.2.6f1\Editor\Unity.exe
-adb2
-batchMode
-noUpm
-name
AssetImportWorker1
-projectPath
D:/VideojuegosEspecializacion/EchoesOfTheForest/Echoes
-logFile
Logs/AssetImportWorker1.log
-srvPort
61832
-licensingIpc
LicenseClient-Angel
-job-worker-count
5
-background-job-worker-count
8
-gc-helper-count
1
-name
AssetImport
Successfully changed project path to: D:/VideojuegosEspecializacion/EchoesOfTheForest/Echoes
D:/VideojuegosEspecializacion/EchoesOfTheForest/Echoes
[UnityMemory] Configuration Parameters - Can be set up in boot.config
    "memorysetup-allocator-temp-initial-block-size-main=262144"
    "memorysetup-allocator-temp-initial-block-size-worker=262144"
    "memorysetup-bucket-allocator-granularity=16"
    "memorysetup-bucket-allocator-bucket-count=8"
    "memorysetup-bucket-allocator-block-size=33554432"
    "memorysetup-bucket-allocator-block-count=8"
    "memorysetup-main-allocator-block-size=16777216"
    "memorysetup-thread-allocator-block-size=16777216"
    "memorysetup-gfx-main-allocator-block-size=16777216"
    "memorysetup-gfx-thread-allocator-block-size=16777216"
    "memorysetup-cache-allocator-block-size=4194304"
    "memorysetup-typetree-allocator-block-size=2097152"
    "memorysetup-profiler-bucket-allocator-granularity=16"
    "memorysetup-profiler-bucket-allocator-bucket-count=8"
    "memorysetup-profiler-bucket-allocator-block-size=33554432"
    "memorysetup-profiler-bucket-allocator-block-count=8"
    "memorysetup-profiler-allocator-block-size=16777216"
    "memorysetup-profiler-editor-allocator-block-size=1048576"
    "memorysetup-temp-allocator-size-main=16777216"
    "memorysetup-job-temp-allocator-block-size=2097152"
    "memorysetup-job-temp-allocator-block-size-background=1048576"
    "memorysetup-job-temp-allocator-reduction-small-platforms=262144"
    "memorysetup-temp-allocator-size-background-worker=32768"
    "memorysetup-temp-allocator-size-job-worker=262144"
    "memorysetup-temp-allocator-size-preload-manager=33554432"
    "memorysetup-temp-allocator-size-nav-mesh-worker=65536"
    "memorysetup-temp-allocator-size-audio-worker=65536"
    "memorysetup-temp-allocator-size-cloud-worker=32768"
    "memorysetup-temp-allocator-size-gi-baking-worker=262144"
    "memorysetup-temp-allocator-size-gi-baking-worker=262144"
    "memorysetup-temp-allocator-size-gi-baking-worker=262144"
    "memorysetup-temp-allocator-size-gi-baking-worker=262144"
    "memorysetup-temp-allocator-size-gi-baking-worker=262144"
    "memorysetup-temp-allocator-size-gfx=262144"
Player connection [6044]  Target information:

Player connection [6044]  * "[IP] 192.168.105.234 [Port] 0 [Flags] 2 [Guid] 4150650517 [EditorId] 4150650517 [Version] 1048832 [Id] WindowsEditor(7,DESKTOP-6UM6V3M) [Debug] 1 [PackageName] WindowsEditor [ProjectName] Editor" 

Player connection [6044] Host joined multi-casting on [225.0.0.222:54997]...
Player connection [6044] Host joined alternative multi-casting on [225.0.0.222:34997]...
JobSystem: Creating JobQueue using job-worker-count value 5
Input System module state changed to: Initialized.
[Physics::Module] Initialized fallback backend.
[Physics::Module] Id: 0xdecafbad
[Licensing::Client] Code 10 while verifying Licensing Client signature (process Id: 11456, path: "C:/Program Files/Unity Hub/UnityLicensingClient_V1/Unity.Licensing.Client.exe")
[Licensing::Module] LicensingClient has failed validation; ignoring
[Licensing::Client] Handshaking with LicensingClient:
  Version:                 1.17.3+a4e98f1
  Session Id:              e18f651164fe4abe96f65baa1019418d
  Correlation Id:          dbc12f7ba9e5ea7ba4b2278560859a60
  External correlation Id: 6362559449569708965
  Machine Id:              HR4SAV7MgGYTLO4zUhJ7aaTClD0=
[Licensing::Module] Successfully connected to LicensingClient on channel: "LicenseClient-Angel" (connect: 0.00s, validation: 0.00s, handshake: 0.07s)
[Licensing::IpcConnector] Successfully connected to: "LicenseClient-Angel-notifications" at "2025-12-01T07:41:37.3741316Z"
[Licensing::Module] Licensing Background thread has ended after 0.08s
Library Redirect Path: Library/
[Physics::Module] Selected backend.
[Physics::Module] Name: PhysX
[Physics::Module] Id: 0xf2b8ea05
[Physics::Module] SDK Version: 4.1.2
[Physics::Module] Integration Version: 1.0.0
[Physics::Module] Threading Mode: Multi-Threaded
Refreshing native plugins compatible for Editor in 3.94 ms, found 4 plugins.
Preloading 0 native plugins for Editor in 0.00 ms.
Initialize engine version: 6000.2.6f1 (cc51a95c0300)
[Subsystems] Discovering subsystems at path C:/Program Files/Unity/Hub/Editor/6000.2.6f1/Editor/Data/Resources/UnitySubsystems
[Subsystems] Discovering subsystems at path D:/VideojuegosEspecializacion/EchoesOfTheForest/Echoes/Assets
GfxDevice: creating device client; kGfxThreadingModeNonThreaded
d3d12: failed to query info queue interface (0x80004002).
Direct3D:
    Version:         Direct3D 12 [level 12.1]
    Renderer:        NVIDIA GeForce RTX 3060 (ID=0x2487)
    Vendor:          NVIDIA
    VRAM:            12110 MB
    App VRAM Budget: 11342 MB
    Driver:          32.0.15.6094
Initialize mono
Mono path[0] = 'C:/Program Files/Unity/Hub/Editor/6000.2.6f1/Editor/Data/Managed'
Mono path[1] = 'C:/Program Files/Unity/Hub/Editor/6000.2.6f1/Editor/Data/MonoBleedingEdge/lib/mono/unityjit-win32'
Mono config path = 'C:/Program Files/Unity/Hub/Editor/6000.2.6f1/Editor/Data/MonoBleedingEdge/etc'
Using monoOptions --debugger-agent=transport=dt_socket,embedding=1,server=y,suspend=n,address=127.0.0.1:56296
Begin MonoManager ReloadAssembly
Registering precompiled unity dll's ...
Register platform support module: C:/Program Files/Unity/Hub/Editor/6000.2.6f1/Editor/Data/PlaybackEngines/WebGLSupport/UnityEditor.WebGL.Extensions.dll
Register platform support module: C:/Program Files/Unity/Hub/Editor/6000.2.6f1/Editor/Data/PlaybackEngines/WindowsStandaloneSupport/UnityEditor.WindowsStandalone.Extensions.dll
[Licensing::Client] Successfully resolved entitlement details
[Licensing::Module] License group:
  Id: 6872783715626-UnityPersXXXX
  Product: Unity Personal
  Type: Assigned
  Expiration: Unlimited
Register platform support module: C:/Program Files/Unity/Hub/Editor/6000.2.6f1/Editor/Data/PlaybackEngines/AndroidPlayer/UnityEditor.Android.Extensions.dll
Registered in 0.004827 seconds.
- Loaded All Assemblies, in  0.413 seconds
Native extension for Android target not found
Android Extension - Scanning For ADB Devices 191 ms
Native extension for WindowsStandalone target not found
Native extension for WebGL target not found
Mono: successfully reloaded assembly
- Finished resetting the current domain, in  0.559 seconds
Domain Reload Profiling: 971ms
	BeginReloadAssembly (133ms)
		ExecutionOrderSort (0ms)
		DisableScriptedObjects (0ms)
		BackupInstance (0ms)
		ReleaseScriptingObjects (0ms)
		CreateAndSetChildDomain (1ms)
	RebuildCommonClasses (38ms)
	RebuildNativeTypeToScriptingClass (12ms)
	initialDomainReloadingComplete (58ms)
	LoadAllAssembliesAndSetupDomain (170ms)
		LoadAssemblies (132ms)
		RebuildTransferFunctionScriptingTraits (0ms)
		AnalyzeDomain (165ms)
			TypeCache.Refresh (163ms)
				TypeCache.ScanAssembly (150ms)
			BuildScriptInfoCaches (0ms)
			ResolveRequiredComponents (1ms)
	FinalizeReload (559ms)
		ReleaseScriptCaches (0ms)
		RebuildScriptCaches (0ms)
		SetupLoadedEditorAssemblies (523ms)
			LogAssemblyErrors (0ms)
			InitializePlatformSupportModulesInManaged (295ms)
			SetLoadedEditorAssemblies (3ms)
			BeforeProcessingInitializeOnLoad (65ms)
			ProcessInitializeOnLoadAttributes (115ms)
			ProcessInitializeOnLoadMethodAttributes (45ms)
			AfterProcessingInitializeOnLoad (0ms)
			EditorAssembliesLoaded (0ms)
		ExecutionOrderSort2 (0ms)
		AwakeInstancesAfterBackupRestoration (0ms)
========================================================================
Worker process is ready to serve import requests
Import Worker Mode flag is 0x00
Begin MonoManager ReloadAssembly
[Licensing::Client] Successfully resolved entitlement details
- Loaded All Assemblies, in  0.710 seconds
Refreshing native plugins compatible for Editor in 0.68 ms, found 4 plugins.
Native extension for Android target not found
Native extension for WindowsStandalone target not found
Native extension for WebGL target not found
Package Manager log level set to [2]
[Package Manager] Failed to launch server process. Reason: Unity was launched with the -noUpm command-line argument
[Package Manager] Unable to send message (not connected to server process).
[Package Manager] Cannot connect to Unity Package Manager local server
Mono: successfully reloaded assembly
- Finished resetting the current domain, in  0.677 seconds
Domain Reload Profiling: 1386ms
	BeginReloadAssembly (160ms)
		ExecutionOrderSort (0ms)
		DisableScriptedObjects (6ms)
		BackupInstance (0ms)
		ReleaseScriptingObjects (0ms)
		CreateAndSetChildDomain (25ms)
	RebuildCommonClasses (34ms)
	RebuildNativeTypeToScriptingClass (9ms)
	initialDomainReloadingComplete (31ms)
	LoadAllAssembliesAndSetupDomain (474ms)
		LoadAssemblies (329ms)
		RebuildTransferFunctionScriptingTraits (0ms)
		AnalyzeDomain (233ms)
			TypeCache.Refresh (174ms)
				TypeCache.ScanAssembly (157ms)
			BuildScriptInfoCaches (47ms)
			ResolveRequiredComponents (9ms)
	FinalizeReload (678ms)
		ReleaseScriptCaches (0ms)
		RebuildScriptCaches (0ms)
		SetupLoadedEditorAssemblies (550ms)
			LogAssemblyErrors (0ms)
			InitializePlatformSupportModulesInManaged (9ms)
			SetLoadedEditorAssemblies (5ms)
			BeforeProcessingInitializeOnLoad (118ms)
			ProcessInitializeOnLoadAttributes (324ms)
			ProcessInitializeOnLoadMethodAttributes (92ms)
			AfterProcessingInitializeOnLoad (3ms)
			EditorAssembliesLoaded (0ms)
		ExecutionOrderSort2 (0ms)
		AwakeInstancesAfterBackupRestoration (5ms)
Launched and connected shader compiler UnityShaderCompiler.exe after 0.01 seconds
Refreshing native plugins compatible for Editor in 0.76 ms, found 4 plugins.
Preloading 0 native plugins for Editor in 0.00 ms.
Unloading 37 Unused Serialized files (Serialized files now loaded: 0)
Unloading 6816 unused Assets / (7.2 MB). Loaded Objects now: 7503.
Memory consumption went from 150.1 MB to 143.0 MB.
Total: 7.781500 ms (FindLiveObjects: 0.530000 ms CreateObjectMapping: 0.470800 ms MarkObjects: 4.056800 ms  DeleteObjects: 2.723200 ms)

========================================================================
Received Import Request.
  Time since last request: 864.817242 seconds.
  path: Assets/SATYR_sprite_sheet/SPRITE_SHEET_0 2.controller
  artifactKey: Guid(c06a9fbcc7e62c145973420d0e409565) Importer(815301076,1909f56bfc062723c751e8b465ee728b)
Start importing Assets/SATYR_sprite_sheet/SPRITE_SHEET_0 2.controller using Guid(c06a9fbcc7e62c145973420d0e409565) Importer(815301076,1909f56bfc062723c751e8b465ee728b) (PreviewImporter) -> (artifact id: 'a1651cb641caf557f463b4e584b047d6') in 0.0373743 seconds
Number of updated asset objects reloaded before import = 0Number of asset objects unloaded after import = 44

========================================================================
Received Prepare
Begin MonoManager ReloadAssembly
[Licensing::Client] Successfully resolved entitlement details
- Loaded All Assemblies, in  0.718 seconds
Refreshing native plugins compatible for Editor in 1.15 ms, found 4 plugins.
Native extension for Android target not found
Native extension for WindowsStandalone target not found
Native extension for WebGL target not found
[Package Manager] Failed to launch server process. Reason: Unity was launched with the -noUpm command-line argument
[Package Manager] Unable to send message (not connected to server process).
[Package Manager] Cannot connect to Unity Package Manager local server
Mono: successfully reloaded assembly
- Finished resetting the current domain, in  0.678 seconds
Domain Reload Profiling: 1399ms
	BeginReloadAssembly (226ms)
		ExecutionOrderSort (0ms)
		DisableScriptedObjects (18ms)
		BackupInstance (0ms)
		ReleaseScriptingObjects (0ms)
		CreateAndSetChildDomain (51ms)
	RebuildCommonClasses (30ms)
	RebuildNativeTypeToScriptingClass (11ms)
	initialDomainReloadingComplete (27ms)
	LoadAllAssembliesAndSetupDomain (426ms)
		LoadAssemblies (352ms)
		RebuildTransferFunctionScriptingTraits (0ms)
		AnalyzeDomain (176ms)
			TypeCache.Refresh (9ms)
				TypeCache.ScanAssembly (0ms)
			BuildScriptInfoCaches (153ms)
			ResolveRequiredComponents (10ms)
	FinalizeReload (679ms)
		ReleaseScriptCaches (0ms)
		RebuildScriptCaches (0ms)
		SetupLoadedEditorAssemblies (536ms)
			LogAssemblyErrors (0ms)
			InitializePlatformSupportModulesInManaged (9ms)
			SetLoadedEditorAssemblies (6ms)
			BeforeProcessingInitializeOnLoad (124ms)
			ProcessInitializeOnLoadAttributes (330ms)
			ProcessInitializeOnLoadMethodAttributes (64ms)
			AfterProcessingInitializeOnLoad (3ms)
			EditorAssembliesLoaded (0ms)
		ExecutionOrderSort2 (0ms)
		AwakeInstancesAfterBackupRestoration (16ms)
Refreshing native plugins compatible for Editor in 1.30 ms, found 4 plugins.
Preloading 0 native plugins for Editor in 0.00 ms.
Unloading 36 Unused Serialized files (Serialized files now loaded: 0)
Unloading 6814 unused Assets / (8.1 MB). Loaded Objects now: 7510.
Memory consumption went from 153.1 MB to 145.0 MB.
Total: 12.588200 ms (FindLiveObjects: 0.793700 ms CreateObjectMapping: 1.004400 ms MarkObjects: 5.658700 ms  DeleteObjects: 5.129500 ms)

Prepare: number of updated asset objects reloaded= 0
========================================================================
Received Import Request.
  Time since last request: 1446.157732 seconds.
  path: Assets/Clean Vector Icons/T_6_scroll_eye_.png
  artifactKey: Guid(99804c36b51fc9c4f8fe30baab62dd4b) Importer(815301076,1909f56bfc062723c751e8b465ee728b)
Start importing Assets/Clean Vector Icons/T_6_scroll_eye_.png using Guid(99804c36b51fc9c4f8fe30baab62dd4b) Importer(815301076,1909f56bfc062723c751e8b465ee728b) (PreviewImporter)[Licensing::Client] Successfully resolved entitlement details
 -> (artifact id: '0cb31aacc93305e0c3fc8de9807bbb5c') in 0.1481814 seconds
Number of updated asset objects reloaded before import = 0Number of asset objects unloaded after import = 3

========================================================================
Received Import Request.
  Time since last request: 0.000035 seconds.
  path: Assets/Clean Vector Icons/T_7_arrow_left_.png
  artifactKey: Guid(974fd4633f76fe24b854d48b461656a1) Importer(815301076,1909f56bfc062723c751e8b465ee728b)
Start importing Assets/Clean Vector Icons/T_7_arrow_left_.png using Guid(974fd4633f76fe24b854d48b461656a1) Importer(815301076,1909f56bfc062723c751e8b465ee728b) (PreviewImporter) -> (artifact id: '15beb7b03e56f02a49b78ffc3b174241') in 0.052661 seconds
Number of updated asset objects reloaded before import = 0Number of asset objects unloaded after import = 3

========================================================================
Received Import Request.
  Time since last request: 0.000025 seconds.
  path: Assets/Clean Vector Icons/T_7_book_.png
  artifactKey: Guid(d0ec2e65dadd70346b81af93bb4eb352) Importer(815301076,1909f56bfc062723c751e8b465ee728b)
Start importing Assets/Clean Vector Icons/T_7_book_.png using Guid(d0ec2e65dadd70346b81af93bb4eb352) Importer(815301076,1909f56bfc062723c751e8b465ee728b) (PreviewImporter) -> (artifact id: 'f3f87844de518aee1c26fb683ef21691') in 0.0230547 seconds
Number of updated asset objects reloaded before import = 0Number of asset objects unloaded after import = 3

========================================================================
Received Import Request.
  Time since last request: 0.000015 seconds.
  path: Assets/Clean Vector Icons/T_7_cloud&sun_.png
  artifactKey: Guid(f0660b05fbd6535418bc2b4696033130) Importer(815301076,1909f56bfc062723c751e8b465ee728b)
Start importing Assets/Clean Vector Icons/T_7_cloud&sun_.png using Guid(f0660b05fbd6535418bc2b4696033130) Importer(815301076,1909f56bfc062723c751e8b465ee728b) (PreviewImporter) -> (artifact id: 'a69b5eeebc17e286cca6a909eaf8d3cc') in 0.0386598 seconds
Number of updated asset objects reloaded before import = 0Number of asset objects unloaded after import = 3

========================================================================
Received Import Request.
  Time since last request: 0.000024 seconds.
  path: Assets/Clean Vector Icons/T_7_bottle_heal_.png
  artifactKey: Guid(8747fbd096b50834ab608c29a3c05bcc) Importer(815301076,1909f56bfc062723c751e8b465ee728b)
Start importing Assets/Clean Vector Icons/T_7_bottle_heal_.png using Guid(8747fbd096b50834ab608c29a3c05bcc) Importer(815301076,1909f56bfc062723c751e8b465ee728b) (PreviewImporter) -> (artifact id: '69d06d0db5735a40d3973b9f2052c75e') in 0.0443856 seconds
Number of updated asset objects reloaded before import = 0Number of asset objects unloaded after import = 3

========================================================================
Received Import Request.
  Time since last request: 3.112624 seconds.
  path: Assets/Clean Vector Icons/T_7_question_.png
  artifactKey: Guid(cca9ca156bf61e445b872555e11ba23e) Importer(815301076,1909f56bfc062723c751e8b465ee728b)
Start importing Assets/Clean Vector Icons/T_7_question_.png using Guid(cca9ca156bf61e445b872555e11ba23e) Importer(815301076,1909f56bfc062723c751e8b465ee728b) (PreviewImporter) -> (artifact id: 'cdcc4c747e5efd8c9b98e253e9894016') in 0.0676432 seconds
Number of updated asset objects reloaded before import = 0Number of asset objects unloaded after import = 3

========================================================================
Received Import Request.
  Time since last request: 0.000021 seconds.
  path: Assets/Clean Vector Icons/T_8_bottle_magic_.png
  artifactKey: Guid(d3590afc6b555c44d8fcd6c5241012ab) Importer(815301076,1909f56bfc062723c751e8b465ee728b)
Start importing Assets/Clean Vector Icons/T_8_bottle_magic_.png using Guid(d3590afc6b555c44d8fcd6c5241012ab) Importer(815301076,1909f56bfc062723c751e8b465ee728b) (PreviewImporter) -> (artifact id: 'f210b2e13608ebf582bd2cb8dd155d40') in 0.0537752 seconds
Number of updated asset objects reloaded before import = 0Number of asset objects unloaded after import = 3

========================================================================
Received Import Request.
  Time since last request: 2.254992 seconds.
  path: Assets/Clean Vector Icons/T_8_tab_.png
  artifactKey: Guid(64df4b6d7138b2c489e0b9a444cfa521) Importer(815301076,1909f56bfc062723c751e8b465ee728b)
Start importing Assets/Clean Vector Icons/T_8_tab_.png using Guid(64df4b6d7138b2c489e0b9a444cfa521) Importer(815301076,1909f56bfc062723c751e8b465ee728b) (PreviewImporter) -> (artifact id: '161d3092b8506f59005e475dd218e555') in 0.1021939 seconds
Number of updated asset objects reloaded before import = 0Number of asset objects unloaded after import = 3

========================================================================
Received Import Request.
  Time since last request: 0.000037 seconds.
  path: Assets/Clean Vector Icons/T_9_cloud_down_.png
  artifactKey: Guid(f4e49bb7005427c4fac854d6d05fcb4e) Importer(815301076,1909f56bfc062723c751e8b465ee728b)
Start importing Assets/Clean Vector Icons/T_9_cloud_down_.png using Guid(f4e49bb7005427c4fac854d6d05fcb4e) Importer(815301076,1909f56bfc062723c751e8b465ee728b) (PreviewImporter) -> (artifact id: 'f456f9d0cf8b8095cf15274d262605e1') in 0.1344718 seconds
Number of updated asset objects reloaded before import = 0Number of asset objects unloaded after import = 3

========================================================================
Received Import Request.
  Time since last request: 0.000018 seconds.
  path: Assets/Clean Vector Icons/T_9_flag_.png
  artifactKey: Guid(57a57e5de7a11a945a125ef4383fe3e1) Importer(815301076,1909f56bfc062723c751e8b465ee728b)
Start importing Assets/Clean Vector Icons/T_9_flag_.png using Guid(57a57e5de7a11a945a125ef4383fe3e1) Importer(815301076,1909f56bfc062723c751e8b465ee728b) (PreviewImporter) -> (artifact id: '634ec8f544e253e788131989f03c03f7') in 0.0778577 seconds
Number of updated asset objects reloaded before import = 0Number of asset objects unloaded after import = 3

========================================================================
Received Import Request.
  Time since last request: 0.474906 seconds.
  path: Assets/Clean Vector Icons/T_9_silhouette_+_.png
  artifactKey: Guid(5639e7536f629884f907d06a418a7da6) Importer(815301076,1909f56bfc062723c751e8b465ee728b)
Start importing Assets/Clean Vector Icons/T_9_silhouette_+_.png using Guid(5639e7536f629884f907d06a418a7da6) Importer(815301076,1909f56bfc062723c751e8b465ee728b) (PreviewImporter) -> (artifact id: 'c882bf479451437ee04162982dc24255') in 0.0590771 seconds
Number of updated asset objects reloaded before import = 0Number of asset objects unloaded after import = 3

========================================================================
Received Import Request.
  Time since last request: 0.691909 seconds.
  path: Assets/Clean Vector Icons/T_10_hammer_.png
  artifactKey: Guid(7dfd68325eeac354d866d207e4d2744c) Importer(815301076,1909f56bfc062723c751e8b465ee728b)
Start importing Assets/Clean Vector Icons/T_10_hammer_.png using Guid(7dfd68325eeac354d866d207e4d2744c) Importer(815301076,1909f56bfc062723c751e8b465ee728b) (PreviewImporter) -> (artifact id: 'e5c9c117ffda8afca91f838ac4d79fa6') in 0.1141791 seconds
Number of updated asset objects reloaded before import = 0Number of asset objects unloaded after import = 3

========================================================================
Received Import Request.
  Time since last request: 0.431047 seconds.
  path: Assets/Clean Vector Icons/T_11_arrow_rounded_left_.png
  artifactKey: Guid(c342a02c1ec59764ab8c5f2892c2928b) Importer(815301076,1909f56bfc062723c751e8b465ee728b)
Start importing Assets/Clean Vector Icons/T_11_arrow_rounded_left_.png using Guid(c342a02c1ec59764ab8c5f2892c2928b) Importer(815301076,1909f56bfc062723c751e8b465ee728b) (PreviewImporter) -> (artifact id: '4fa3249eca27cad2126e1b0f17fb9bb0') in 0.1155863 seconds
Number of updated asset objects reloaded before import = 0Number of asset objects unloaded after import = 3

========================================================================
Received Import Request.
  Time since last request: 0.000017 seconds.
  path: Assets/Clean Vector Icons/T_11_home_.png
  artifactKey: Guid(825217937f322d7478e479dbe4637748) Importer(815301076,1909f56bfc062723c751e8b465ee728b)
Start importing Assets/Clean Vector Icons/T_11_home_.png using Guid(825217937f322d7478e479dbe4637748) Importer(815301076,1909f56bfc062723c751e8b465ee728b) (PreviewImporter) -> (artifact id: 'f2549748150f74cdd890ba1c26f48942') in 0.094334 seconds
Number of updated asset objects reloaded before import = 0Number of asset objects unloaded after import = 3

========================================================================
Received Import Request.
  Time since last request: 1.044500 seconds.
  path: Assets/Clean Vector Icons/T_11_star_.png
  artifactKey: Guid(bef29bce6ed719f4a946d25ac181f8bd) Importer(815301076,1909f56bfc062723c751e8b465ee728b)
Start importing Assets/Clean Vector Icons/T_11_star_.png using Guid(bef29bce6ed719f4a946d25ac181f8bd) Importer(815301076,1909f56bfc062723c751e8b465ee728b) (PreviewImporter) -> (artifact id: 'd8ab24331be3ae02c99b5c4294c21d50') in 0.0394897 seconds
Number of updated asset objects reloaded before import = 0Number of asset objects unloaded after import = 3

========================================================================
Received Import Request.
  Time since last request: 0.630501 seconds.
  path: Assets/Clean Vector Icons/T_12_ok_.png
  artifactKey: Guid(de50d1f4106f65545921a17c92cf0250) Importer(815301076,1909f56bfc062723c751e8b465ee728b)
Start importing Assets/Clean Vector Icons/T_12_ok_.png using Guid(de50d1f4106f65545921a17c92cf0250) Importer(815301076,1909f56bfc062723c751e8b465ee728b) (PreviewImporter) -> (artifact id: '3384b6e719e21bfec4126e6bde3df3c2') in 0.1783741 seconds
Number of updated asset objects reloaded before import = 0Number of asset objects unloaded after import = 3

Editor requested this worker to shutdown with reason: Scaling down because of idle timeout
AssetImportWorker is now disconnected from the server
Process exiting
Exiting without the bug reporter. Application will terminate with return code 0